<?xml version="1.0" encoding="UTF-8"?>
<testng-results ignored="0" total="1" passed="1" failed="0" skipped="0">
  <reporter-output>
  </reporter-output>
  <suite started-at="2023-04-25T22:50:22 IST" name="Default suite" finished-at="2023-04-25T22:50:29 IST" duration-ms="6830">
    <groups>
    </groups>
    <test started-at="2023-04-25T22:50:22 IST" name="Default test" finished-at="2023-04-25T22:50:29 IST" duration-ms="6830">
      <class name="com.aws.demo.LauchBrowserTest">
        <test-method signature="OpenBrowser()[pri:0, instance:com.aws.demo.LauchBrowserTest@f0da945]" started-at="2023-04-25T22:50:22 IST" name="OpenBrowser" finished-at="2023-04-25T22:50:29 IST" duration-ms="6762" status="PASS">
          <reporter-output>
          </reporter-output>
        </test-method> <!-- OpenBrowser -->
      </class> <!-- com.aws.demo.LauchBrowserTest -->
    </test> <!-- Default test -->
  </suite> <!-- Default suite -->
</testng-results>
